armie -msve-vector-bits=128 a.out 0
i / in / out: 0 / 2 / 2
i / in / out: 1 / 4 / 4
i / in / out: 2 / 6 / 6
i / in / out: 3 / 8 / 8
i / in / out: 4 / 10 / 0
i / in / out: 5 / 12 / 0
i / in / out: 6 / 14 / 0
i / in / out: 7 / 16 / 0
i / in / out: 8 / 18 / 0
i / in / out: 9 / 20 / 0
i / in / out: 10 / 22 / 0
i / in / out: 11 / 24 / 0
i / in / out: 12 / 26 / 0
i / in / out: 13 / 28 / 0
i / in / out: 14 / 30 / 0
i / in / out: 15 / 32 / 0
i / in / out: 16 / 34 / 0
i / in / out: 17 / 36 / 0
i / in / out: 18 / 38 / 0
i / in / out: 19 / 40 / 0
i / in / out: 20 / 42 / 0
i / in / out: 21 / 44 / 0
i / in / out: 22 / 46 / 0
i / in / out: 23 / 48 / 0
i / in / out: 24 / 50 / 0
i / in / out: 25 / 52 / 0
i / in / out: 26 / 54 / 0
i / in / out: 27 / 56 / 0
i / in / out: 28 / 58 / 0
i / in / out: 29 / 60 / 0
i / in / out: 30 / 62 / 0
i / in / out: 31 / 64 / 0
i / in / out: 32 / 66 / 0
i / in / out: 33 / 68 / 0
i / in / out: 34 / 70 / 0
i / in / out: 35 / 72 / 0
i / in / out: 36 / 74 / 0
i / in / out: 37 / 76 / 0
i / in / out: 38 / 78 / 0
i / in / out: 39 / 80 / 0
i / in / out: 40 / 82 / 0
i / in / out: 41 / 84 / 0
i / in / out: 42 / 86 / 0
i / in / out: 43 / 88 / 0
i / in / out: 44 / 90 / 0
i / in / out: 45 / 92 / 0
i / in / out: 46 / 94 / 0
i / in / out: 47 / 96 / 0
i / in / out: 48 / 98 / 0
i / in / out: 49 / 100 / 0
i / in / out: 50 / 102 / 0
i / in / out: 51 / 104 / 0
i / in / out: 52 / 106 / 0
i / in / out: 53 / 108 / 0
i / in / out: 54 / 110 / 0
i / in / out: 55 / 112 / 0
i / in / out: 56 / 114 / 0
i / in / out: 57 / 116 / 0
i / in / out: 58 / 118 / 0
i / in / out: 59 / 120 / 0
i / in / out: 60 / 122 / 0
i / in / out: 61 / 124 / 0
i / in / out: 62 / 126 / 0
i / in / out: 63 / 128 / 0
i / in / out: 64 / 130 / 0
i / in / out: 65 / 132 / 0
i / in / out: 66 / 134 / 0
i / in / out: 67 / 136 / 0
i / in / out: 68 / 138 / 0
i / in / out: 69 / 140 / 0
i / in / out: 70 / 142 / 0
i / in / out: 71 / 144 / 0
i / in / out: 72 / 146 / 0
i / in / out: 73 / 148 / 0
i / in / out: 74 / 150 / 0
i / in / out: 75 / 152 / 0
i / in / out: 76 / 154 / 0
i / in / out: 77 / 156 / 0
i / in / out: 78 / 158 / 0
i / in / out: 79 / 160 / 0
i / in / out: 80 / 162 / 0
i / in / out: 81 / 164 / 0
i / in / out: 82 / 166 / 0
i / in / out: 83 / 168 / 0
i / in / out: 84 / 170 / 0
i / in / out: 85 / 172 / 0
i / in / out: 86 / 174 / 0
i / in / out: 87 / 176 / 0
i / in / out: 88 / 178 / 0
i / in / out: 89 / 180 / 0
i / in / out: 90 / 182 / 0
i / in / out: 91 / 184 / 0
i / in / out: 92 / 186 / 0
i / in / out: 93 / 188 / 0
i / in / out: 94 / 190 / 0
i / in / out: 95 / 192 / 0
i / in / out: 96 / 194 / 0
i / in / out: 97 / 196 / 0
i / in / out: 98 / 198 / 0
i / in / out: 99 / 200 / 0
i / in / out: 100 / 202 / 0
i / in / out: 101 / 204 / 0
i / in / out: 102 / 206 / 0
i / in / out: 103 / 208 / 0
i / in / out: 104 / 210 / 0
i / in / out: 105 / 212 / 0
i / in / out: 106 / 214 / 0
i / in / out: 107 / 216 / 0
i / in / out: 108 / 218 / 0
i / in / out: 109 / 220 / 0
i / in / out: 110 / 222 / 0
i / in / out: 111 / 224 / 0
i / in / out: 112 / 226 / 0
i / in / out: 113 / 228 / 0
i / in / out: 114 / 230 / 0
i / in / out: 115 / 232 / 0
i / in / out: 116 / 234 / 0
i / in / out: 117 / 236 / 0
i / in / out: 118 / 238 / 0
i / in / out: 119 / 240 / 0
i / in / out: 120 / 242 / 0
i / in / out: 121 / 244 / 0
i / in / out: 122 / 246 / 0
i / in / out: 123 / 248 / 0
i / in / out: 124 / 250 / 0
i / in / out: 125 / 252 / 0
i / in / out: 126 / 254 / 0
i / in / out: 127 / 256 / 0

armie -msve-vector-bits=128 a.out 2
i / in / out: 0 / 2 / 0
i / in / out: 1 / 4 / 0
i / in / out: 2 / 6 / 0
i / in / out: 3 / 8 / 0
i / in / out: 4 / 10 / 0
i / in / out: 5 / 12 / 0
i / in / out: 6 / 14 / 0
i / in / out: 7 / 16 / 0
i / in / out: 8 / 18 / 0
i / in / out: 9 / 20 / 0
i / in / out: 10 / 22 / 0
i / in / out: 11 / 24 / 0
i / in / out: 12 / 26 / 0
i / in / out: 13 / 28 / 0
i / in / out: 14 / 30 / 0
i / in / out: 15 / 32 / 0
i / in / out: 16 / 34 / 0
i / in / out: 17 / 36 / 0
i / in / out: 18 / 38 / 0
i / in / out: 19 / 40 / 0
i / in / out: 20 / 42 / 0
i / in / out: 21 / 44 / 0
i / in / out: 22 / 46 / 0
i / in / out: 23 / 48 / 0
i / in / out: 24 / 50 / 0
i / in / out: 25 / 52 / 0
i / in / out: 26 / 54 / 0
i / in / out: 27 / 56 / 0
i / in / out: 28 / 58 / 0
i / in / out: 29 / 60 / 0
i / in / out: 30 / 62 / 0
i / in / out: 31 / 64 / 0
i / in / out: 32 / 66 / 0
i / in / out: 33 / 68 / 0
i / in / out: 34 / 70 / 0
i / in / out: 35 / 72 / 0
i / in / out: 36 / 74 / 0
i / in / out: 37 / 76 / 0
i / in / out: 38 / 78 / 0
i / in / out: 39 / 80 / 0
i / in / out: 40 / 82 / 0
i / in / out: 41 / 84 / 0
i / in / out: 42 / 86 / 0
i / in / out: 43 / 88 / 0
i / in / out: 44 / 90 / 0
i / in / out: 45 / 92 / 0
i / in / out: 46 / 94 / 0
i / in / out: 47 / 96 / 0
i / in / out: 48 / 98 / 0
i / in / out: 49 / 100 / 0
i / in / out: 50 / 102 / 0
i / in / out: 51 / 104 / 0
i / in / out: 52 / 106 / 0
i / in / out: 53 / 108 / 0
i / in / out: 54 / 110 / 0
i / in / out: 55 / 112 / 0
i / in / out: 56 / 114 / 0
i / in / out: 57 / 116 / 0
i / in / out: 58 / 118 / 0
i / in / out: 59 / 120 / 0
i / in / out: 60 / 122 / 0
i / in / out: 61 / 124 / 0
i / in / out: 62 / 126 / 0
i / in / out: 63 / 128 / 0
i / in / out: 64 / 130 / 0
i / in / out: 65 / 132 / 0
i / in / out: 66 / 134 / 0
i / in / out: 67 / 136 / 0
i / in / out: 68 / 138 / 0
i / in / out: 69 / 140 / 0
i / in / out: 70 / 142 / 0
i / in / out: 71 / 144 / 0
i / in / out: 72 / 146 / 0
i / in / out: 73 / 148 / 0
i / in / out: 74 / 150 / 0
i / in / out: 75 / 152 / 0
i / in / out: 76 / 154 / 0
i / in / out: 77 / 156 / 0
i / in / out: 78 / 158 / 0
i / in / out: 79 / 160 / 0
i / in / out: 80 / 162 / 0
i / in / out: 81 / 164 / 0
i / in / out: 82 / 166 / 0
i / in / out: 83 / 168 / 0
i / in / out: 84 / 170 / 0
i / in / out: 85 / 172 / 0
i / in / out: 86 / 174 / 0
i / in / out: 87 / 176 / 0
i / in / out: 88 / 178 / 0
i / in / out: 89 / 180 / 0
i / in / out: 90 / 182 / 0
i / in / out: 91 / 184 / 0
i / in / out: 92 / 186 / 0
i / in / out: 93 / 188 / 0
i / in / out: 94 / 190 / 0
i / in / out: 95 / 192 / 0
i / in / out: 96 / 194 / 0
i / in / out: 97 / 196 / 0
i / in / out: 98 / 198 / 0
i / in / out: 99 / 200 / 0
i / in / out: 100 / 202 / 0
i / in / out: 101 / 204 / 0
i / in / out: 102 / 206 / 0
i / in / out: 103 / 208 / 0
i / in / out: 104 / 210 / 0
i / in / out: 105 / 212 / 0
i / in / out: 106 / 214 / 0
i / in / out: 107 / 216 / 0
i / in / out: 108 / 218 / 0
i / in / out: 109 / 220 / 0
i / in / out: 110 / 222 / 0
i / in / out: 111 / 224 / 0
i / in / out: 112 / 226 / 0
i / in / out: 113 / 228 / 0
i / in / out: 114 / 230 / 0
i / in / out: 115 / 232 / 0
i / in / out: 116 / 234 / 0
i / in / out: 117 / 236 / 0
i / in / out: 118 / 238 / 0
i / in / out: 119 / 240 / 0
i / in / out: 120 / 242 / 0
i / in / out: 121 / 244 / 0
i / in / out: 122 / 246 / 0
i / in / out: 123 / 248 / 0
i / in / out: 124 / 250 / 0
i / in / out: 125 / 252 / 0
i / in / out: 126 / 254 / 0
i / in / out: 127 / 256 / 0

armie -msve-vector-bits=256 a.out 0
i / in / out: 0 / 2 / 2
i / in / out: 1 / 4 / 4
i / in / out: 2 / 6 / 6
i / in / out: 3 / 8 / 8
i / in / out: 4 / 10 / 10
i / in / out: 5 / 12 / 12
i / in / out: 6 / 14 / 14
i / in / out: 7 / 16 / 16
i / in / out: 8 / 18 / 0
i / in / out: 9 / 20 / 0
i / in / out: 10 / 22 / 0
i / in / out: 11 / 24 / 0
i / in / out: 12 / 26 / 0
i / in / out: 13 / 28 / 0
i / in / out: 14 / 30 / 0
i / in / out: 15 / 32 / 0
i / in / out: 16 / 34 / 0
i / in / out: 17 / 36 / 0
i / in / out: 18 / 38 / 0
i / in / out: 19 / 40 / 0
i / in / out: 20 / 42 / 0
i / in / out: 21 / 44 / 0
i / in / out: 22 / 46 / 0
i / in / out: 23 / 48 / 0
i / in / out: 24 / 50 / 0
i / in / out: 25 / 52 / 0
i / in / out: 26 / 54 / 0
i / in / out: 27 / 56 / 0
i / in / out: 28 / 58 / 0
i / in / out: 29 / 60 / 0
i / in / out: 30 / 62 / 0
i / in / out: 31 / 64 / 0
i / in / out: 32 / 66 / 0
i / in / out: 33 / 68 / 0
i / in / out: 34 / 70 / 0
i / in / out: 35 / 72 / 0
i / in / out: 36 / 74 / 0
i / in / out: 37 / 76 / 0
i / in / out: 38 / 78 / 0
i / in / out: 39 / 80 / 0
i / in / out: 40 / 82 / 0
i / in / out: 41 / 84 / 0
i / in / out: 42 / 86 / 0
i / in / out: 43 / 88 / 0
i / in / out: 44 / 90 / 0
i / in / out: 45 / 92 / 0
i / in / out: 46 / 94 / 0
i / in / out: 47 / 96 / 0
i / in / out: 48 / 98 / 0
i / in / out: 49 / 100 / 0
i / in / out: 50 / 102 / 0
i / in / out: 51 / 104 / 0
i / in / out: 52 / 106 / 0
i / in / out: 53 / 108 / 0
i / in / out: 54 / 110 / 0
i / in / out: 55 / 112 / 0
i / in / out: 56 / 114 / 0
i / in / out: 57 / 116 / 0
i / in / out: 58 / 118 / 0
i / in / out: 59 / 120 / 0
i / in / out: 60 / 122 / 0
i / in / out: 61 / 124 / 0
i / in / out: 62 / 126 / 0
i / in / out: 63 / 128 / 0
i / in / out: 64 / 130 / 0
i / in / out: 65 / 132 / 0
i / in / out: 66 / 134 / 0
i / in / out: 67 / 136 / 0
i / in / out: 68 / 138 / 0
i / in / out: 69 / 140 / 0
i / in / out: 70 / 142 / 0
i / in / out: 71 / 144 / 0
i / in / out: 72 / 146 / 0
i / in / out: 73 / 148 / 0
i / in / out: 74 / 150 / 0
i / in / out: 75 / 152 / 0
i / in / out: 76 / 154 / 0
i / in / out: 77 / 156 / 0
i / in / out: 78 / 158 / 0
i / in / out: 79 / 160 / 0
i / in / out: 80 / 162 / 0
i / in / out: 81 / 164 / 0
i / in / out: 82 / 166 / 0
i / in / out: 83 / 168 / 0
i / in / out: 84 / 170 / 0
i / in / out: 85 / 172 / 0
i / in / out: 86 / 174 / 0
i / in / out: 87 / 176 / 0
i / in / out: 88 / 178 / 0
i / in / out: 89 / 180 / 0
i / in / out: 90 / 182 / 0
i / in / out: 91 / 184 / 0
i / in / out: 92 / 186 / 0
i / in / out: 93 / 188 / 0
i / in / out: 94 / 190 / 0
i / in / out: 95 / 192 / 0
i / in / out: 96 / 194 / 0
i / in / out: 97 / 196 / 0
i / in / out: 98 / 198 / 0
i / in / out: 99 / 200 / 0
i / in / out: 100 / 202 / 0
i / in / out: 101 / 204 / 0
i / in / out: 102 / 206 / 0
i / in / out: 103 / 208 / 0
i / in / out: 104 / 210 / 0
i / in / out: 105 / 212 / 0
i / in / out: 106 / 214 / 0
i / in / out: 107 / 216 / 0
i / in / out: 108 / 218 / 0
i / in / out: 109 / 220 / 0
i / in / out: 110 / 222 / 0
i / in / out: 111 / 224 / 0
i / in / out: 112 / 226 / 0
i / in / out: 113 / 228 / 0
i / in / out: 114 / 230 / 0
i / in / out: 115 / 232 / 0
i / in / out: 116 / 234 / 0
i / in / out: 117 / 236 / 0
i / in / out: 118 / 238 / 0
i / in / out: 119 / 240 / 0
i / in / out: 120 / 242 / 0
i / in / out: 121 / 244 / 0
i / in / out: 122 / 246 / 0
i / in / out: 123 / 248 / 0
i / in / out: 124 / 250 / 0
i / in / out: 125 / 252 / 0
i / in / out: 126 / 254 / 0
i / in / out: 127 / 256 / 0

armie -msve-vector-bits=256 a.out 2
i / in / out: 0 / 2 / 2
i / in / out: 1 / 4 / 4
i / in / out: 2 / 6 / 6
i / in / out: 3 / 8 / 8
i / in / out: 4 / 10 / 10
i / in / out: 5 / 12 / 12
i / in / out: 6 / 14 / 14
i / in / out: 7 / 16 / 16
i / in / out: 8 / 18 / 0
i / in / out: 9 / 20 / 0
i / in / out: 10 / 22 / 0
i / in / out: 11 / 24 / 0
i / in / out: 12 / 26 / 0
i / in / out: 13 / 28 / 0
i / in / out: 14 / 30 / 0
i / in / out: 15 / 32 / 0
i / in / out: 16 / 34 / 0
i / in / out: 17 / 36 / 0
i / in / out: 18 / 38 / 0
i / in / out: 19 / 40 / 0
i / in / out: 20 / 42 / 0
i / in / out: 21 / 44 / 0
i / in / out: 22 / 46 / 0
i / in / out: 23 / 48 / 0
i / in / out: 24 / 50 / 0
i / in / out: 25 / 52 / 0
i / in / out: 26 / 54 / 0
i / in / out: 27 / 56 / 0
i / in / out: 28 / 58 / 0
i / in / out: 29 / 60 / 0
i / in / out: 30 / 62 / 0
i / in / out: 31 / 64 / 0
i / in / out: 32 / 66 / 0
i / in / out: 33 / 68 / 0
i / in / out: 34 / 70 / 0
i / in / out: 35 / 72 / 0
i / in / out: 36 / 74 / 0
i / in / out: 37 / 76 / 0
i / in / out: 38 / 78 / 0
i / in / out: 39 / 80 / 0
i / in / out: 40 / 82 / 0
i / in / out: 41 / 84 / 0
i / in / out: 42 / 86 / 0
i / in / out: 43 / 88 / 0
i / in / out: 44 / 90 / 0
i / in / out: 45 / 92 / 0
i / in / out: 46 / 94 / 0
i / in / out: 47 / 96 / 0
i / in / out: 48 / 98 / 0
i / in / out: 49 / 100 / 0
i / in / out: 50 / 102 / 0
i / in / out: 51 / 104 / 0
i / in / out: 52 / 106 / 0
i / in / out: 53 / 108 / 0
i / in / out: 54 / 110 / 0
i / in / out: 55 / 112 / 0
i / in / out: 56 / 114 / 0
i / in / out: 57 / 116 / 0
i / in / out: 58 / 118 / 0
i / in / out: 59 / 120 / 0
i / in / out: 60 / 122 / 0
i / in / out: 61 / 124 / 0
i / in / out: 62 / 126 / 0
i / in / out: 63 / 128 / 0
i / in / out: 64 / 130 / 0
i / in / out: 65 / 132 / 0
i / in / out: 66 / 134 / 0
i / in / out: 67 / 136 / 0
i / in / out: 68 / 138 / 0
i / in / out: 69 / 140 / 0
i / in / out: 70 / 142 / 0
i / in / out: 71 / 144 / 0
i / in / out: 72 / 146 / 0
i / in / out: 73 / 148 / 0
i / in / out: 74 / 150 / 0
i / in / out: 75 / 152 / 0
i / in / out: 76 / 154 / 0
i / in / out: 77 / 156 / 0
i / in / out: 78 / 158 / 0
i / in / out: 79 / 160 / 0
i / in / out: 80 / 162 / 0
i / in / out: 81 / 164 / 0
i / in / out: 82 / 166 / 0
i / in / out: 83 / 168 / 0
i / in / out: 84 / 170 / 0
i / in / out: 85 / 172 / 0
i / in / out: 86 / 174 / 0
i / in / out: 87 / 176 / 0
i / in / out: 88 / 178 / 0
i / in / out: 89 / 180 / 0
i / in / out: 90 / 182 / 0
i / in / out: 91 / 184 / 0
i / in / out: 92 / 186 / 0
i / in / out: 93 / 188 / 0
i / in / out: 94 / 190 / 0
i / in / out: 95 / 192 / 0
i / in / out: 96 / 194 / 0
i / in / out: 97 / 196 / 0
i / in / out: 98 / 198 / 0
i / in / out: 99 / 200 / 0
i / in / out: 100 / 202 / 0
i / in / out: 101 / 204 / 0
i / in / out: 102 / 206 / 0
i / in / out: 103 / 208 / 0
i / in / out: 104 / 210 / 0
i / in / out: 105 / 212 / 0
i / in / out: 106 / 214 / 0
i / in / out: 107 / 216 / 0
i / in / out: 108 / 218 / 0
i / in / out: 109 / 220 / 0
i / in / out: 110 / 222 / 0
i / in / out: 111 / 224 / 0
i / in / out: 112 / 226 / 0
i / in / out: 113 / 228 / 0
i / in / out: 114 / 230 / 0
i / in / out: 115 / 232 / 0
i / in / out: 116 / 234 / 0
i / in / out: 117 / 236 / 0
i / in / out: 118 / 238 / 0
i / in / out: 119 / 240 / 0
i / in / out: 120 / 242 / 0
i / in / out: 121 / 244 / 0
i / in / out: 122 / 246 / 0
i / in / out: 123 / 248 / 0
i / in / out: 124 / 250 / 0
i / in / out: 125 / 252 / 0
i / in / out: 126 / 254 / 0
i / in / out: 127 / 256 / 0

armie -msve-vector-bits=512 a.out 0
i / in / out: 0 / 2 / 2
i / in / out: 1 / 4 / 4
i / in / out: 2 / 6 / 6
i / in / out: 3 / 8 / 8
i / in / out: 4 / 10 / 10
i / in / out: 5 / 12 / 12
i / in / out: 6 / 14 / 14
i / in / out: 7 / 16 / 16
i / in / out: 8 / 18 / 18
i / in / out: 9 / 20 / 20
i / in / out: 10 / 22 / 22
i / in / out: 11 / 24 / 24
i / in / out: 12 / 26 / 26
i / in / out: 13 / 28 / 28
i / in / out: 14 / 30 / 30
i / in / out: 15 / 32 / 32
i / in / out: 16 / 34 / 0
i / in / out: 17 / 36 / 0
i / in / out: 18 / 38 / 0
i / in / out: 19 / 40 / 0
i / in / out: 20 / 42 / 0
i / in / out: 21 / 44 / 0
i / in / out: 22 / 46 / 0
i / in / out: 23 / 48 / 0
i / in / out: 24 / 50 / 0
i / in / out: 25 / 52 / 0
i / in / out: 26 / 54 / 0
i / in / out: 27 / 56 / 0
i / in / out: 28 / 58 / 0
i / in / out: 29 / 60 / 0
i / in / out: 30 / 62 / 0
i / in / out: 31 / 64 / 0
i / in / out: 32 / 66 / 0
i / in / out: 33 / 68 / 0
i / in / out: 34 / 70 / 0
i / in / out: 35 / 72 / 0
i / in / out: 36 / 74 / 0
i / in / out: 37 / 76 / 0
i / in / out: 38 / 78 / 0
i / in / out: 39 / 80 / 0
i / in / out: 40 / 82 / 0
i / in / out: 41 / 84 / 0
i / in / out: 42 / 86 / 0
i / in / out: 43 / 88 / 0
i / in / out: 44 / 90 / 0
i / in / out: 45 / 92 / 0
i / in / out: 46 / 94 / 0
i / in / out: 47 / 96 / 0
i / in / out: 48 / 98 / 0
i / in / out: 49 / 100 / 0
i / in / out: 50 / 102 / 0
i / in / out: 51 / 104 / 0
i / in / out: 52 / 106 / 0
i / in / out: 53 / 108 / 0
i / in / out: 54 / 110 / 0
i / in / out: 55 / 112 / 0
i / in / out: 56 / 114 / 0
i / in / out: 57 / 116 / 0
i / in / out: 58 / 118 / 0
i / in / out: 59 / 120 / 0
i / in / out: 60 / 122 / 0
i / in / out: 61 / 124 / 0
i / in / out: 62 / 126 / 0
i / in / out: 63 / 128 / 0
i / in / out: 64 / 130 / 0
i / in / out: 65 / 132 / 0
i / in / out: 66 / 134 / 0
i / in / out: 67 / 136 / 0
i / in / out: 68 / 138 / 0
i / in / out: 69 / 140 / 0
i / in / out: 70 / 142 / 0
i / in / out: 71 / 144 / 0
i / in / out: 72 / 146 / 0
i / in / out: 73 / 148 / 0
i / in / out: 74 / 150 / 0
i / in / out: 75 / 152 / 0
i / in / out: 76 / 154 / 0
i / in / out: 77 / 156 / 0
i / in / out: 78 / 158 / 0
i / in / out: 79 / 160 / 0
i / in / out: 80 / 162 / 0
i / in / out: 81 / 164 / 0
i / in / out: 82 / 166 / 0
i / in / out: 83 / 168 / 0
i / in / out: 84 / 170 / 0
i / in / out: 85 / 172 / 0
i / in / out: 86 / 174 / 0
i / in / out: 87 / 176 / 0
i / in / out: 88 / 178 / 0
i / in / out: 89 / 180 / 0
i / in / out: 90 / 182 / 0
i / in / out: 91 / 184 / 0
i / in / out: 92 / 186 / 0
i / in / out: 93 / 188 / 0
i / in / out: 94 / 190 / 0
i / in / out: 95 / 192 / 0
i / in / out: 96 / 194 / 0
i / in / out: 97 / 196 / 0
i / in / out: 98 / 198 / 0
i / in / out: 99 / 200 / 0
i / in / out: 100 / 202 / 0
i / in / out: 101 / 204 / 0
i / in / out: 102 / 206 / 0
i / in / out: 103 / 208 / 0
i / in / out: 104 / 210 / 0
i / in / out: 105 / 212 / 0
i / in / out: 106 / 214 / 0
i / in / out: 107 / 216 / 0
i / in / out: 108 / 218 / 0
i / in / out: 109 / 220 / 0
i / in / out: 110 / 222 / 0
i / in / out: 111 / 224 / 0
i / in / out: 112 / 226 / 0
i / in / out: 113 / 228 / 0
i / in / out: 114 / 230 / 0
i / in / out: 115 / 232 / 0
i / in / out: 116 / 234 / 0
i / in / out: 117 / 236 / 0
i / in / out: 118 / 238 / 0
i / in / out: 119 / 240 / 0
i / in / out: 120 / 242 / 0
i / in / out: 121 / 244 / 0
i / in / out: 122 / 246 / 0
i / in / out: 123 / 248 / 0
i / in / out: 124 / 250 / 0
i / in / out: 125 / 252 / 0
i / in / out: 126 / 254 / 0
i / in / out: 127 / 256 / 0

armie -msve-vector-bits=512 a.out 2
i / in / out: 0 / 2 / 2
i / in / out: 1 / 4 / 4
i / in / out: 2 / 6 / 6
i / in / out: 3 / 8 / 8
i / in / out: 4 / 10 / 10
i / in / out: 5 / 12 / 12
i / in / out: 6 / 14 / 14
i / in / out: 7 / 16 / 16
i / in / out: 8 / 18 / 0
i / in / out: 9 / 20 / 0
i / in / out: 10 / 22 / 0
i / in / out: 11 / 24 / 0
i / in / out: 12 / 26 / 0
i / in / out: 13 / 28 / 0
i / in / out: 14 / 30 / 0
i / in / out: 15 / 32 / 0
i / in / out: 16 / 34 / 0
i / in / out: 17 / 36 / 0
i / in / out: 18 / 38 / 0
i / in / out: 19 / 40 / 0
i / in / out: 20 / 42 / 0
i / in / out: 21 / 44 / 0
i / in / out: 22 / 46 / 0
i / in / out: 23 / 48 / 0
i / in / out: 24 / 50 / 0
i / in / out: 25 / 52 / 0
i / in / out: 26 / 54 / 0
i / in / out: 27 / 56 / 0
i / in / out: 28 / 58 / 0
i / in / out: 29 / 60 / 0
i / in / out: 30 / 62 / 0
i / in / out: 31 / 64 / 0
i / in / out: 32 / 66 / 0
i / in / out: 33 / 68 / 0
i / in / out: 34 / 70 / 0
i / in / out: 35 / 72 / 0
i / in / out: 36 / 74 / 0
i / in / out: 37 / 76 / 0
i / in / out: 38 / 78 / 0
i / in / out: 39 / 80 / 0
i / in / out: 40 / 82 / 0
i / in / out: 41 / 84 / 0
i / in / out: 42 / 86 / 0
i / in / out: 43 / 88 / 0
i / in / out: 44 / 90 / 0
i / in / out: 45 / 92 / 0
i / in / out: 46 / 94 / 0
i / in / out: 47 / 96 / 0
i / in / out: 48 / 98 / 0
i / in / out: 49 / 100 / 0
i / in / out: 50 / 102 / 0
i / in / out: 51 / 104 / 0
i / in / out: 52 / 106 / 0
i / in / out: 53 / 108 / 0
i / in / out: 54 / 110 / 0
i / in / out: 55 / 112 / 0
i / in / out: 56 / 114 / 0
i / in / out: 57 / 116 / 0
i / in / out: 58 / 118 / 0
i / in / out: 59 / 120 / 0
i / in / out: 60 / 122 / 0
i / in / out: 61 / 124 / 0
i / in / out: 62 / 126 / 0
i / in / out: 63 / 128 / 0
i / in / out: 64 / 130 / 0
i / in / out: 65 / 132 / 0
i / in / out: 66 / 134 / 0
i / in / out: 67 / 136 / 0
i / in / out: 68 / 138 / 0
i / in / out: 69 / 140 / 0
i / in / out: 70 / 142 / 0
i / in / out: 71 / 144 / 0
i / in / out: 72 / 146 / 0
i / in / out: 73 / 148 / 0
i / in / out: 74 / 150 / 0
i / in / out: 75 / 152 / 0
i / in / out: 76 / 154 / 0
i / in / out: 77 / 156 / 0
i / in / out: 78 / 158 / 0
i / in / out: 79 / 160 / 0
i / in / out: 80 / 162 / 0
i / in / out: 81 / 164 / 0
i / in / out: 82 / 166 / 0
i / in / out: 83 / 168 / 0
i / in / out: 84 / 170 / 0
i / in / out: 85 / 172 / 0
i / in / out: 86 / 174 / 0
i / in / out: 87 / 176 / 0
i / in / out: 88 / 178 / 0
i / in / out: 89 / 180 / 0
i / in / out: 90 / 182 / 0
i / in / out: 91 / 184 / 0
i / in / out: 92 / 186 / 0
i / in / out: 93 / 188 / 0
i / in / out: 94 / 190 / 0
i / in / out: 95 / 192 / 0
i / in / out: 96 / 194 / 0
i / in / out: 97 / 196 / 0
i / in / out: 98 / 198 / 0
i / in / out: 99 / 200 / 0
i / in / out: 100 / 202 / 0
i / in / out: 101 / 204 / 0
i / in / out: 102 / 206 / 0
i / in / out: 103 / 208 / 0
i / in / out: 104 / 210 / 0
i / in / out: 105 / 212 / 0
i / in / out: 106 / 214 / 0
i / in / out: 107 / 216 / 0
i / in / out: 108 / 218 / 0
i / in / out: 109 / 220 / 0
i / in / out: 110 / 222 / 0
i / in / out: 111 / 224 / 0
i / in / out: 112 / 226 / 0
i / in / out: 113 / 228 / 0
i / in / out: 114 / 230 / 0
i / in / out: 115 / 232 / 0
i / in / out: 116 / 234 / 0
i / in / out: 117 / 236 / 0
i / in / out: 118 / 238 / 0
i / in / out: 119 / 240 / 0
i / in / out: 120 / 242 / 0
i / in / out: 121 / 244 / 0
i / in / out: 122 / 246 / 0
i / in / out: 123 / 248 / 0
i / in / out: 124 / 250 / 0
i / in / out: 125 / 252 / 0
i / in / out: 126 / 254 / 0
i / in / out: 127 / 256 / 0

armie -i libinscount_emulated.so -msve-vector-bits=2048 a.out 0
i / in / out: 0 / 2 / 2
i / in / out: 1 / 4 / 4
i / in / out: 2 / 6 / 6
i / in / out: 3 / 8 / 8
i / in / out: 4 / 10 / 10
i / in / out: 5 / 12 / 12
i / in / out: 6 / 14 / 14
i / in / out: 7 / 16 / 16
i / in / out: 8 / 18 / 18
i / in / out: 9 / 20 / 20
i / in / out: 10 / 22 / 22
i / in / out: 11 / 24 / 24
i / in / out: 12 / 26 / 26
i / in / out: 13 / 28 / 28
i / in / out: 14 / 30 / 30
i / in / out: 15 / 32 / 32
i / in / out: 16 / 34 / 34
i / in / out: 17 / 36 / 36
i / in / out: 18 / 38 / 38
i / in / out: 19 / 40 / 40
i / in / out: 20 / 42 / 42
i / in / out: 21 / 44 / 44
i / in / out: 22 / 46 / 46
i / in / out: 23 / 48 / 48
i / in / out: 24 / 50 / 50
i / in / out: 25 / 52 / 52
i / in / out: 26 / 54 / 54
i / in / out: 27 / 56 / 56
i / in / out: 28 / 58 / 58
i / in / out: 29 / 60 / 60
i / in / out: 30 / 62 / 62
i / in / out: 31 / 64 / 64
i / in / out: 32 / 66 / 66
i / in / out: 33 / 68 / 68
i / in / out: 34 / 70 / 70
i / in / out: 35 / 72 / 72
i / in / out: 36 / 74 / 74
i / in / out: 37 / 76 / 76
i / in / out: 38 / 78 / 78
i / in / out: 39 / 80 / 80
i / in / out: 40 / 82 / 82
i / in / out: 41 / 84 / 84
i / in / out: 42 / 86 / 86
i / in / out: 43 / 88 / 88
i / in / out: 44 / 90 / 90
i / in / out: 45 / 92 / 92
i / in / out: 46 / 94 / 94
i / in / out: 47 / 96 / 96
i / in / out: 48 / 98 / 98
i / in / out: 49 / 100 / 100
i / in / out: 50 / 102 / 102
i / in / out: 51 / 104 / 104
i / in / out: 52 / 106 / 106
i / in / out: 53 / 108 / 108
i / in / out: 54 / 110 / 110
i / in / out: 55 / 112 / 112
i / in / out: 56 / 114 / 114
i / in / out: 57 / 116 / 116
i / in / out: 58 / 118 / 118
i / in / out: 59 / 120 / 120
i / in / out: 60 / 122 / 122
i / in / out: 61 / 124 / 124
i / in / out: 62 / 126 / 126
i / in / out: 63 / 128 / 128
i / in / out: 64 / 130 / 0
i / in / out: 65 / 132 / 0
i / in / out: 66 / 134 / 0
i / in / out: 67 / 136 / 0
i / in / out: 68 / 138 / 0
i / in / out: 69 / 140 / 0
i / in / out: 70 / 142 / 0
i / in / out: 71 / 144 / 0
i / in / out: 72 / 146 / 0
i / in / out: 73 / 148 / 0
i / in / out: 74 / 150 / 0
i / in / out: 75 / 152 / 0
i / in / out: 76 / 154 / 0
i / in / out: 77 / 156 / 0
i / in / out: 78 / 158 / 0
i / in / out: 79 / 160 / 0
i / in / out: 80 / 162 / 0
i / in / out: 81 / 164 / 0
i / in / out: 82 / 166 / 0
i / in / out: 83 / 168 / 0
i / in / out: 84 / 170 / 0
i / in / out: 85 / 172 / 0
i / in / out: 86 / 174 / 0
i / in / out: 87 / 176 / 0
i / in / out: 88 / 178 / 0
i / in / out: 89 / 180 / 0
i / in / out: 90 / 182 / 0
i / in / out: 91 / 184 / 0
i / in / out: 92 / 186 / 0
i / in / out: 93 / 188 / 0
i / in / out: 94 / 190 / 0
i / in / out: 95 / 192 / 0
i / in / out: 96 / 194 / 0
i / in / out: 97 / 196 / 0
i / in / out: 98 / 198 / 0
i / in / out: 99 / 200 / 0
i / in / out: 100 / 202 / 0
i / in / out: 101 / 204 / 0
i / in / out: 102 / 206 / 0
i / in / out: 103 / 208 / 0
i / in / out: 104 / 210 / 0
i / in / out: 105 / 212 / 0
i / in / out: 106 / 214 / 0
i / in / out: 107 / 216 / 0
i / in / out: 108 / 218 / 0
i / in / out: 109 / 220 / 0
i / in / out: 110 / 222 / 0
i / in / out: 111 / 224 / 0
i / in / out: 112 / 226 / 0
i / in / out: 113 / 228 / 0
i / in / out: 114 / 230 / 0
i / in / out: 115 / 232 / 0
i / in / out: 116 / 234 / 0
i / in / out: 117 / 236 / 0
i / in / out: 118 / 238 / 0
i / in / out: 119 / 240 / 0
i / in / out: 120 / 242 / 0
i / in / out: 121 / 244 / 0
i / in / out: 122 / 246 / 0
i / in / out: 123 / 248 / 0
i / in / out: 124 / 250 / 0
i / in / out: 125 / 252 / 0
i / in / out: 126 / 254 / 0
i / in / out: 127 / 256 / 0
2054046 instructions executed of which 2 were emulated instructions

armie -i libinscount_emulated.so -msve-vector-bits=2048 a.out 2
i / in / out: 0 / 2 / 2
i / in / out: 1 / 4 / 4
i / in / out: 2 / 6 / 6
i / in / out: 3 / 8 / 8
i / in / out: 4 / 10 / 10
i / in / out: 5 / 12 / 12
i / in / out: 6 / 14 / 14
i / in / out: 7 / 16 / 16
i / in / out: 8 / 18 / 0
i / in / out: 9 / 20 / 0
i / in / out: 10 / 22 / 0
i / in / out: 11 / 24 / 0
i / in / out: 12 / 26 / 0
i / in / out: 13 / 28 / 0
i / in / out: 14 / 30 / 0
i / in / out: 15 / 32 / 0
i / in / out: 16 / 34 / 0
i / in / out: 17 / 36 / 0
i / in / out: 18 / 38 / 0
i / in / out: 19 / 40 / 0
i / in / out: 20 / 42 / 0
i / in / out: 21 / 44 / 0
i / in / out: 22 / 46 / 0
i / in / out: 23 / 48 / 0
i / in / out: 24 / 50 / 0
i / in / out: 25 / 52 / 0
i / in / out: 26 / 54 / 0
i / in / out: 27 / 56 / 0
i / in / out: 28 / 58 / 0
i / in / out: 29 / 60 / 0
i / in / out: 30 / 62 / 0
i / in / out: 31 / 64 / 0
i / in / out: 32 / 66 / 0
i / in / out: 33 / 68 / 0
i / in / out: 34 / 70 / 0
i / in / out: 35 / 72 / 0
i / in / out: 36 / 74 / 0
i / in / out: 37 / 76 / 0
i / in / out: 38 / 78 / 0
i / in / out: 39 / 80 / 0
i / in / out: 40 / 82 / 0
i / in / out: 41 / 84 / 0
i / in / out: 42 / 86 / 0
i / in / out: 43 / 88 / 0
i / in / out: 44 / 90 / 0
i / in / out: 45 / 92 / 0
i / in / out: 46 / 94 / 0
i / in / out: 47 / 96 / 0
i / in / out: 48 / 98 / 0
i / in / out: 49 / 100 / 0
i / in / out: 50 / 102 / 0
i / in / out: 51 / 104 / 0
i / in / out: 52 / 106 / 0
i / in / out: 53 / 108 / 0
i / in / out: 54 / 110 / 0
i / in / out: 55 / 112 / 0
i / in / out: 56 / 114 / 0
i / in / out: 57 / 116 / 0
i / in / out: 58 / 118 / 0
i / in / out: 59 / 120 / 0
i / in / out: 60 / 122 / 0
i / in / out: 61 / 124 / 0
i / in / out: 62 / 126 / 0
i / in / out: 63 / 128 / 0
i / in / out: 64 / 130 / 0
i / in / out: 65 / 132 / 0
i / in / out: 66 / 134 / 0
i / in / out: 67 / 136 / 0
i / in / out: 68 / 138 / 0
i / in / out: 69 / 140 / 0
i / in / out: 70 / 142 / 0
i / in / out: 71 / 144 / 0
i / in / out: 72 / 146 / 0
i / in / out: 73 / 148 / 0
i / in / out: 74 / 150 / 0
i / in / out: 75 / 152 / 0
i / in / out: 76 / 154 / 0
i / in / out: 77 / 156 / 0
i / in / out: 78 / 158 / 0
i / in / out: 79 / 160 / 0
i / in / out: 80 / 162 / 0
i / in / out: 81 / 164 / 0
i / in / out: 82 / 166 / 0
i / in / out: 83 / 168 / 0
i / in / out: 84 / 170 / 0
i / in / out: 85 / 172 / 0
i / in / out: 86 / 174 / 0
i / in / out: 87 / 176 / 0
i / in / out: 88 / 178 / 0
i / in / out: 89 / 180 / 0
i / in / out: 90 / 182 / 0
i / in / out: 91 / 184 / 0
i / in / out: 92 / 186 / 0
i / in / out: 93 / 188 / 0
i / in / out: 94 / 190 / 0
i / in / out: 95 / 192 / 0
i / in / out: 96 / 194 / 0
i / in / out: 97 / 196 / 0
i / in / out: 98 / 198 / 0
i / in / out: 99 / 200 / 0
i / in / out: 100 / 202 / 0
i / in / out: 101 / 204 / 0
i / in / out: 102 / 206 / 0
i / in / out: 103 / 208 / 0
i / in / out: 104 / 210 / 0
i / in / out: 105 / 212 / 0
i / in / out: 106 / 214 / 0
i / in / out: 107 / 216 / 0
i / in / out: 108 / 218 / 0
i / in / out: 109 / 220 / 0
i / in / out: 110 / 222 / 0
i / in / out: 111 / 224 / 0
i / in / out: 112 / 226 / 0
i / in / out: 113 / 228 / 0
i / in / out: 114 / 230 / 0
i / in / out: 115 / 232 / 0
i / in / out: 116 / 234 / 0
i / in / out: 117 / 236 / 0
i / in / out: 118 / 238 / 0
i / in / out: 119 / 240 / 0
i / in / out: 120 / 242 / 0
i / in / out: 121 / 244 / 0
i / in / out: 122 / 246 / 0
i / in / out: 123 / 248 / 0
i / in / out: 124 / 250 / 0
i / in / out: 125 / 252 / 0
i / in / out: 126 / 254 / 0
i / in / out: 127 / 256 / 0
2053346 instructions executed of which 3 were emulated instructions

armie -e libmemtrace_sve_512.so -i libmemtrace_emulated.so a.out 0
ASSERT FAILURE: /tmp/plgbuild/abs_build/933108_29269/trunk/rel_work/arm_builder/components/builder/work/build/arm-instruction-emulator-20.1/dynamorio-src/api/samples/memtrace_emulated.c:539: (0) ()
ASSERT FAILURE: /tmp/plgbuild/abs_build/933108_29269/trunk/rel_work/arm_builder/components/builder/work/build/arm-instruction-emulator-20.1/dynamorio-src/api/samples/memtrace_emulated.c:539: (0) ()
