==1120478== Memcheck, a memory error detector
==1120478== Copyright (C) 2002-2017, and GNU GPL'd, by Julian Seward et al.
==1120478== Using Valgrind-3.16.1 and LibVEX; rerun with -h for copyright info
==1120478== Command: ./driver
==1120478== 
==1120478== Invalid read of size 8
==1120478==    at 0x400758: main (driver.cpp:18)
==1120478==  Address 0x4d03ce8 is 24 bytes after a block of size 80 in arena "client"
==1120478== 
==1120478== Invalid read of size 8
==1120478==    at 0x4007A4: load_asm (load_asm.s:7)
==1120478==  Address 0x4d03ce8 is 24 bytes after a block of size 80 in arena "client"
==1120478== 
==1120478== Invalid read of size 8
==1120478==    at 0x4007A8: load_asm (load_asm.s:8)
==1120478==  Address 0x4d03cf8 is 24 bytes before an unallocated block of size 4,121,296 in arena "client"
==1120478== 
==1120478== 
==1120478== HEAP SUMMARY:
==1120478==     in use at exit: 0 bytes in 0 blocks
==1120478==   total heap usage: 2 allocs, 2 frees, 72,784 bytes allocated
==1120478== 
==1120478== All heap blocks were freed -- no leaks are possible
==1120478== 
==1120478== For lists of detected and suppressed errors, rerun with: -s
==1120478== ERROR SUMMARY: 9 errors from 3 contexts (suppressed: 0 from 0)
